<?xml version="1.0" encoding="UTF-8"?>
<testng-results ignored="0" total="2" passed="2" failed="0" skipped="0">
  <reporter-output>
  </reporter-output>
  <suite started-at="2024-02-20T13:51:58 IST" name="Suite" finished-at="2024-02-20T13:53:37 IST" duration-ms="98997">
    <groups>
    </groups>
    <test started-at="2024-02-20T13:51:58 IST" name="Test" finished-at="2024-02-20T13:53:37 IST" duration-ms="98997">
      <class name="Amazon_Test.A_Homepage">
        <test-method is-config="true" signature="OpenBrowser()[pri:0, instance:Amazon_Test.A_Homepage@576d5deb]" started-at="2024-02-20T13:51:58 IST" name="OpenBrowser" finished-at="2024-02-20T13:52:56 IST" duration-ms="57684" status="PASS">
          <reporter-output>
          </reporter-output>
        </test-method> <!-- OpenBrowser -->
        <test-method signature="homepages()[pri:1, instance:Amazon_Test.A_Homepage@576d5deb]" started-at="2024-02-20T13:52:56 IST" name="homepages" finished-at="2024-02-20T13:52:57 IST" duration-ms="1597" status="PASS">
          <reporter-output>
          </reporter-output>
        </test-method> <!-- homepages -->
        <test-method signature="ByIphones()[pri:2, instance:Amazon_Test.A_Homepage@576d5deb]" started-at="2024-02-20T13:52:57 IST" name="ByIphones" finished-at="2024-02-20T13:53:33 IST" duration-ms="35315" status="PASS">
          <reporter-output>
          </reporter-output>
        </test-method> <!-- ByIphones -->
        <test-method is-config="true" signature="closeBrowser()[pri:0, instance:Amazon_Test.A_Homepage@576d5deb]" started-at="2024-02-20T13:53:33 IST" name="closeBrowser" finished-at="2024-02-20T13:53:37 IST" duration-ms="4327" status="PASS">
          <reporter-output>
          </reporter-output>
        </test-method> <!-- closeBrowser -->
      </class> <!-- Amazon_Test.A_Homepage -->
    </test> <!-- Test -->
  </suite> <!-- Suite -->
</testng-results>
