<?xml version="1.0" encoding="UTF-8"?>
<testng-results ignored="0" total="2" passed="2" failed="0" skipped="0">
  <reporter-output>
  </reporter-output>
  <suite started-at="2024-02-20T15:33:44 IST" name="Default suite" finished-at="2024-02-20T15:34:10 IST" duration-ms="26141">
    <groups>
    </groups>
    <test started-at="2024-02-20T15:33:44 IST" name="Default test" finished-at="2024-02-20T15:34:10 IST" duration-ms="26141">
      <class name="Amazon_Test.AmazonHomepage">
        <test-method is-config="true" signature="openBrowser()[pri:0, instance:Amazon_Test.AmazonHomepage@576d5deb]" started-at="2024-02-20T15:33:44 IST" name="openBrowser" finished-at="2024-02-20T15:33:50 IST" duration-ms="6002" status="PASS">
          <reporter-output>
          </reporter-output>
        </test-method> <!-- openBrowser -->
        <test-method signature="homePages()[pri:1, instance:Amazon_Test.AmazonHomepage@576d5deb]" started-at="2024-02-20T15:33:50 IST" name="homePages" finished-at="2024-02-20T15:33:51 IST" duration-ms="891" status="PASS">
          <reporter-output>
          </reporter-output>
        </test-method> <!-- homePages -->
        <test-method signature="buyIPhones()[pri:2, instance:Amazon_Test.AmazonHomepage@576d5deb]" started-at="2024-02-20T15:33:51 IST" name="buyIPhones" finished-at="2024-02-20T15:34:06 IST" duration-ms="15677" status="PASS">
          <reporter-output>
          </reporter-output>
        </test-method> <!-- buyIPhones -->
        <test-method is-config="true" signature="closeBrowser()[pri:0, instance:Amazon_Test.AmazonHomepage@576d5deb]" started-at="2024-02-20T15:34:06 IST" name="closeBrowser" finished-at="2024-02-20T15:34:10 IST" duration-ms="3508" status="PASS">
          <reporter-output>
          </reporter-output>
        </test-method> <!-- closeBrowser -->
      </class> <!-- Amazon_Test.AmazonHomepage -->
    </test> <!-- Default test -->
  </suite> <!-- Default suite -->
</testng-results>
